[0.547s] Invoking command in '/home/dinithi/UnityProjects/Robotics-Nav2-SLAM-Example-main/ros2_docker/colcon_ws/src/unity_slam_example': PYTHONPATH=/home/dinithi/UnityProjects/Robotics-Nav2-SLAM-Example-main/ros2_docker/colcon_ws/install/unity_slam_example/lib/python3.8/site-packages:${PYTHONPATH} /usr/bin/python3 setup.py egg_info --egg-base ../../build/unity_slam_example build --build-base /home/dinithi/UnityProjects/Robotics-Nav2-SLAM-Example-main/ros2_docker/colcon_ws/build/unity_slam_example/build install --prefix /home/dinithi/UnityProjects/Robotics-Nav2-SLAM-Example-main/ros2_docker/colcon_ws/install/unity_slam_example --record /home/dinithi/UnityProjects/Robotics-Nav2-SLAM-Example-main/ros2_docker/colcon_ws/build/unity_slam_example/install.log --single-version-externally-managed
[0.684s] running egg_info
[0.684s] creating ../../build/unity_slam_example/unity_slam_example.egg-info
[0.684s] writing ../../build/unity_slam_example/unity_slam_example.egg-info/PKG-INFO
[0.684s] writing dependency_links to ../../build/unity_slam_example/unity_slam_example.egg-info/dependency_links.txt
[0.684s] writing requirements to ../../build/unity_slam_example/unity_slam_example.egg-info/requires.txt
[0.684s] writing top-level names to ../../build/unity_slam_example/unity_slam_example.egg-info/top_level.txt
[0.685s] writing manifest file '../../build/unity_slam_example/unity_slam_example.egg-info/SOURCES.txt'
[0.685s] reading manifest file '../../build/unity_slam_example/unity_slam_example.egg-info/SOURCES.txt'
[0.686s] writing manifest file '../../build/unity_slam_example/unity_slam_example.egg-info/SOURCES.txt'
[0.686s] running build
[0.686s] running install
[0.686s] running install_data
[0.687s] creating /home/dinithi/UnityProjects/Robotics-Nav2-SLAM-Example-main/ros2_docker/colcon_ws/install/unity_slam_example/share/ament_index
[0.687s] creating /home/dinithi/UnityProjects/Robotics-Nav2-SLAM-Example-main/ros2_docker/colcon_ws/install/unity_slam_example/share/ament_index/resource_index
[0.687s] creating /home/dinithi/UnityProjects/Robotics-Nav2-SLAM-Example-main/ros2_docker/colcon_ws/install/unity_slam_example/share/ament_index/resource_index/packages
[0.687s] copying resource/unity_slam_example -> /home/dinithi/UnityProjects/Robotics-Nav2-SLAM-Example-main/ros2_docker/colcon_ws/install/unity_slam_example/share/ament_index/resource_index/packages
[0.687s] copying package.xml -> /home/dinithi/UnityProjects/Robotics-Nav2-SLAM-Example-main/ros2_docker/colcon_ws/install/unity_slam_example/share/unity_slam_example
[0.687s] copying rviz/nav2_unity.rviz -> /home/dinithi/UnityProjects/Robotics-Nav2-SLAM-Example-main/ros2_docker/colcon_ws/install/unity_slam_example/share/unity_slam_example
[0.687s] copying launch/unity_slam_example.py -> /home/dinithi/UnityProjects/Robotics-Nav2-SLAM-Example-main/ros2_docker/colcon_ws/install/unity_slam_example/share/unity_slam_example
[0.687s] copying launch/unity_viz_example.py -> /home/dinithi/UnityProjects/Robotics-Nav2-SLAM-Example-main/ros2_docker/colcon_ws/install/unity_slam_example/share/unity_slam_example
[0.687s] running install_egg_info
[0.688s] Copying ../../build/unity_slam_example/unity_slam_example.egg-info to /home/dinithi/UnityProjects/Robotics-Nav2-SLAM-Example-main/ros2_docker/colcon_ws/install/unity_slam_example/lib/python3.8/site-packages/unity_slam_example-0.0.1-py3.8.egg-info
[0.689s] running install_scripts
[0.700s] writing list of installed files to '/home/dinithi/UnityProjects/Robotics-Nav2-SLAM-Example-main/ros2_docker/colcon_ws/build/unity_slam_example/install.log'
[0.712s] Invoked command in '/home/dinithi/UnityProjects/Robotics-Nav2-SLAM-Example-main/ros2_docker/colcon_ws/src/unity_slam_example' returned '0': PYTHONPATH=/home/dinithi/UnityProjects/Robotics-Nav2-SLAM-Example-main/ros2_docker/colcon_ws/install/unity_slam_example/lib/python3.8/site-packages:${PYTHONPATH} /usr/bin/python3 setup.py egg_info --egg-base ../../build/unity_slam_example build --build-base /home/dinithi/UnityProjects/Robotics-Nav2-SLAM-Example-main/ros2_docker/colcon_ws/build/unity_slam_example/build install --prefix /home/dinithi/UnityProjects/Robotics-Nav2-SLAM-Example-main/ros2_docker/colcon_ws/install/unity_slam_example --record /home/dinithi/UnityProjects/Robotics-Nav2-SLAM-Example-main/ros2_docker/colcon_ws/build/unity_slam_example/install.log --single-version-externally-managed
