[0.096s] DEBUG:colcon:Command line arguments: ['/usr/bin/colcon', 'build']
[0.097s] DEBUG:colcon:Parsed command line arguments: Namespace(ament_cmake_args=None, base_paths=['.'], build_base='build', catkin_cmake_args=None, catkin_skip_building_tests=False, cmake_args=None, cmake_clean_cache=False, cmake_clean_first=False, cmake_force_configure=False, cmake_target=None, cmake_target_skip_unavailable=False, continue_on_error=False, event_handlers=None, executor='parallel', ignore_user_meta=False, install_base='install', log_base=None, log_level=None, main=<bound method BuildVerb.main of <colcon_core.verb.build.BuildVerb object at 0x7fd6c9f85af0>>, merge_install=False, metas=['./colcon.meta'], packages_above=None, packages_above_and_dependencies=None, packages_above_depth=None, packages_end=None, packages_ignore=None, packages_ignore_regex=None, packages_select=None, packages_select_build_failed=False, packages_select_by_dep=None, packages_select_regex=None, packages_select_test_failures=False, packages_skip=None, packages_skip_build_finished=False, packages_skip_by_dep=None, packages_skip_regex=None, packages_skip_test_passed=False, packages_skip_up_to=None, packages_start=None, packages_up_to=None, packages_up_to_regex=None, parallel_workers=20, paths=None, symlink_install=False, test_result_base=None, verb_extension=<colcon_core.verb.build.BuildVerb object at 0x7fd6c9f85af0>, verb_name='build', verb_parser=<colcon_defaults.argument_parser.defaults.DefaultArgumentsDecorator object at 0x7fd6c9f8f0a0>)
[0.113s] Level 1:colcon.colcon_core.package_discovery:discover_packages(colcon_meta) check parameters
[0.113s] Level 1:colcon.colcon_core.package_discovery:discover_packages(recursive) check parameters
[0.113s] Level 1:colcon.colcon_core.package_discovery:discover_packages(ignore) check parameters
[0.113s] Level 1:colcon.colcon_core.package_discovery:discover_packages(path) check parameters
[0.113s] Level 1:colcon.colcon_core.package_discovery:discover_packages(colcon_meta) discover
[0.113s] Level 1:colcon.colcon_core.package_discovery:discover_packages(recursive) discover
[0.113s] INFO:colcon.colcon_core.package_discovery:Crawling recursively for packages in '/home/dinithi/UnityProjects/Robotics-Nav2-SLAM-Example-main/ros2_docker/colcon_ws'
[0.113s] Level 1:colcon.colcon_core.package_identification:_identify(.) by extensions ['ignore', 'ignore_ament_install']
[0.113s] Level 1:colcon.colcon_core.package_identification:_identify(.) by extension 'ignore'
[0.113s] Level 1:colcon.colcon_core.package_identification:_identify(.) by extension 'ignore_ament_install'
[0.113s] Level 1:colcon.colcon_core.package_identification:_identify(.) by extensions ['colcon_pkg']
[0.113s] Level 1:colcon.colcon_core.package_identification:_identify(.) by extension 'colcon_pkg'
[0.113s] Level 1:colcon.colcon_core.package_identification:_identify(.) by extensions ['colcon_meta']
[0.113s] Level 1:colcon.colcon_core.package_identification:_identify(.) by extension 'colcon_meta'
[0.113s] Level 1:colcon.colcon_core.package_identification:_identify(.) by extensions ['ros']
[0.113s] Level 1:colcon.colcon_core.package_identification:_identify(.) by extension 'ros'
[0.121s] Level 1:colcon.colcon_core.package_identification:_identify(.) by extensions ['cmake', 'python']
[0.121s] Level 1:colcon.colcon_core.package_identification:_identify(.) by extension 'cmake'
[0.121s] Level 1:colcon.colcon_core.package_identification:_identify(.) by extension 'python'
[0.121s] Level 1:colcon.colcon_core.package_identification:_identify(.) by extensions ['python_setup_py']
[0.121s] Level 1:colcon.colcon_core.package_identification:_identify(.) by extension 'python_setup_py'
[0.121s] Level 1:colcon.colcon_core.package_identification:_identify(build) by extensions ['ignore', 'ignore_ament_install']
[0.121s] Level 1:colcon.colcon_core.package_identification:_identify(build) by extension 'ignore'
[0.121s] Level 1:colcon.colcon_core.package_identification:_identify(build) ignored
[0.121s] Level 1:colcon.colcon_core.package_identification:_identify(install) by extensions ['ignore', 'ignore_ament_install']
[0.121s] Level 1:colcon.colcon_core.package_identification:_identify(install) by extension 'ignore'
[0.121s] Level 1:colcon.colcon_core.package_identification:_identify(install) ignored
[0.121s] Level 1:colcon.colcon_core.package_identification:_identify(log) by extensions ['ignore', 'ignore_ament_install']
[0.121s] Level 1:colcon.colcon_core.package_identification:_identify(log) by extension 'ignore'
[0.121s] Level 1:colcon.colcon_core.package_identification:_identify(log) ignored
[0.121s] Level 1:colcon.colcon_core.package_identification:_identify(src) by extensions ['ignore', 'ignore_ament_install']
[0.121s] Level 1:colcon.colcon_core.package_identification:_identify(src) by extension 'ignore'
[0.121s] Level 1:colcon.colcon_core.package_identification:_identify(src) by extension 'ignore_ament_install'
[0.122s] Level 1:colcon.colcon_core.package_identification:_identify(src) by extensions ['colcon_pkg']
[0.122s] Level 1:colcon.colcon_core.package_identification:_identify(src) by extension 'colcon_pkg'
[0.122s] Level 1:colcon.colcon_core.package_identification:_identify(src) by extensions ['colcon_meta']
[0.122s] Level 1:colcon.colcon_core.package_identification:_identify(src) by extension 'colcon_meta'
[0.122s] Level 1:colcon.colcon_core.package_identification:_identify(src) by extensions ['ros']
[0.122s] Level 1:colcon.colcon_core.package_identification:_identify(src) by extension 'ros'
[0.122s] Level 1:colcon.colcon_core.package_identification:_identify(src) by extensions ['cmake', 'python']
[0.122s] Level 1:colcon.colcon_core.package_identification:_identify(src) by extension 'cmake'
[0.122s] Level 1:colcon.colcon_core.package_identification:_identify(src) by extension 'python'
[0.122s] Level 1:colcon.colcon_core.package_identification:_identify(src) by extensions ['python_setup_py']
[0.122s] Level 1:colcon.colcon_core.package_identification:_identify(src) by extension 'python_setup_py'
[0.122s] Level 1:colcon.colcon_core.package_identification:_identify(src/ROS-TCP-Endpoint) by extensions ['ignore', 'ignore_ament_install']
[0.122s] Level 1:colcon.colcon_core.package_identification:_identify(src/ROS-TCP-Endpoint) by extension 'ignore'
[0.122s] Level 1:colcon.colcon_core.package_identification:_identify(src/ROS-TCP-Endpoint) by extension 'ignore_ament_install'
[0.122s] Level 1:colcon.colcon_core.package_identification:_identify(src/ROS-TCP-Endpoint) by extensions ['colcon_pkg']
[0.122s] Level 1:colcon.colcon_core.package_identification:_identify(src/ROS-TCP-Endpoint) by extension 'colcon_pkg'
[0.122s] Level 1:colcon.colcon_core.package_identification:_identify(src/ROS-TCP-Endpoint) by extensions ['colcon_meta']
[0.122s] Level 1:colcon.colcon_core.package_identification:_identify(src/ROS-TCP-Endpoint) by extension 'colcon_meta'
[0.122s] Level 1:colcon.colcon_core.package_identification:_identify(src/ROS-TCP-Endpoint) by extensions ['ros']
[0.122s] Level 1:colcon.colcon_core.package_identification:_identify(src/ROS-TCP-Endpoint) by extension 'ros'
[0.124s] DEBUG:colcon.colcon_core.package_identification:Package 'src/ROS-TCP-Endpoint' with type 'ros.ament_python' and name 'ros_tcp_endpoint'
[0.124s] Level 1:colcon.colcon_core.package_identification:_identify(src/unity_slam_example) by extensions ['ignore', 'ignore_ament_install']
[0.124s] Level 1:colcon.colcon_core.package_identification:_identify(src/unity_slam_example) by extension 'ignore'
[0.124s] Level 1:colcon.colcon_core.package_identification:_identify(src/unity_slam_example) by extension 'ignore_ament_install'
[0.124s] Level 1:colcon.colcon_core.package_identification:_identify(src/unity_slam_example) by extensions ['colcon_pkg']
[0.124s] Level 1:colcon.colcon_core.package_identification:_identify(src/unity_slam_example) by extension 'colcon_pkg'
[0.124s] Level 1:colcon.colcon_core.package_identification:_identify(src/unity_slam_example) by extensions ['colcon_meta']
[0.124s] Level 1:colcon.colcon_core.package_identification:_identify(src/unity_slam_example) by extension 'colcon_meta'
[0.124s] Level 1:colcon.colcon_core.package_identification:_identify(src/unity_slam_example) by extensions ['ros']
[0.124s] Level 1:colcon.colcon_core.package_identification:_identify(src/unity_slam_example) by extension 'ros'
[0.124s] DEBUG:colcon.colcon_core.package_identification:Package 'src/unity_slam_example' with type 'ros.ament_python' and name 'unity_slam_example'
[0.124s] Level 1:colcon.colcon_core.package_discovery:discover_packages(recursive) using defaults
[0.125s] Level 1:colcon.colcon_core.package_discovery:discover_packages(ignore) discover
[0.125s] Level 1:colcon.colcon_core.package_discovery:discover_packages(ignore) using defaults
[0.125s] Level 1:colcon.colcon_core.package_discovery:discover_packages(path) discover
[0.125s] Level 1:colcon.colcon_core.package_discovery:discover_packages(path) using defaults
[0.143s] Level 5:colcon.colcon_core.verb:set package 'ros_tcp_endpoint' build argument 'cmake_args' from command line to 'None'
[0.143s] Level 5:colcon.colcon_core.verb:set package 'ros_tcp_endpoint' build argument 'cmake_target' from command line to 'None'
[0.143s] Level 5:colcon.colcon_core.verb:set package 'ros_tcp_endpoint' build argument 'cmake_target_skip_unavailable' from command line to 'False'
[0.143s] Level 5:colcon.colcon_core.verb:set package 'ros_tcp_endpoint' build argument 'cmake_clean_cache' from command line to 'False'
[0.143s] Level 5:colcon.colcon_core.verb:set package 'ros_tcp_endpoint' build argument 'cmake_clean_first' from command line to 'False'
[0.143s] Level 5:colcon.colcon_core.verb:set package 'ros_tcp_endpoint' build argument 'cmake_force_configure' from command line to 'False'
[0.143s] Level 5:colcon.colcon_core.verb:set package 'ros_tcp_endpoint' build argument 'ament_cmake_args' from command line to 'None'
[0.143s] Level 5:colcon.colcon_core.verb:set package 'ros_tcp_endpoint' build argument 'catkin_cmake_args' from command line to 'None'
[0.143s] Level 5:colcon.colcon_core.verb:set package 'ros_tcp_endpoint' build argument 'catkin_skip_building_tests' from command line to 'False'
[0.143s] DEBUG:colcon.colcon_core.verb:Building package 'ros_tcp_endpoint' with the following arguments: {'ament_cmake_args': None, 'build_base': '/home/dinithi/UnityProjects/Robotics-Nav2-SLAM-Example-main/ros2_docker/colcon_ws/build/ros_tcp_endpoint', 'catkin_cmake_args': None, 'catkin_skip_building_tests': False, 'cmake_args': None, 'cmake_clean_cache': False, 'cmake_clean_first': False, 'cmake_force_configure': False, 'cmake_target': None, 'cmake_target_skip_unavailable': False, 'install_base': '/home/dinithi/UnityProjects/Robotics-Nav2-SLAM-Example-main/ros2_docker/colcon_ws/install/ros_tcp_endpoint', 'merge_install': False, 'path': '/home/dinithi/UnityProjects/Robotics-Nav2-SLAM-Example-main/ros2_docker/colcon_ws/src/ROS-TCP-Endpoint', 'symlink_install': False, 'test_result_base': None}
[0.144s] Level 5:colcon.colcon_core.verb:set package 'unity_slam_example' build argument 'cmake_args' from command line to 'None'
[0.144s] Level 5:colcon.colcon_core.verb:set package 'unity_slam_example' build argument 'cmake_target' from command line to 'None'
[0.144s] Level 5:colcon.colcon_core.verb:set package 'unity_slam_example' build argument 'cmake_target_skip_unavailable' from command line to 'False'
[0.144s] Level 5:colcon.colcon_core.verb:set package 'unity_slam_example' build argument 'cmake_clean_cache' from command line to 'False'
[0.144s] Level 5:colcon.colcon_core.verb:set package 'unity_slam_example' build argument 'cmake_clean_first' from command line to 'False'
[0.144s] Level 5:colcon.colcon_core.verb:set package 'unity_slam_example' build argument 'cmake_force_configure' from command line to 'False'
[0.144s] Level 5:colcon.colcon_core.verb:set package 'unity_slam_example' build argument 'ament_cmake_args' from command line to 'None'
[0.144s] Level 5:colcon.colcon_core.verb:set package 'unity_slam_example' build argument 'catkin_cmake_args' from command line to 'None'
[0.144s] Level 5:colcon.colcon_core.verb:set package 'unity_slam_example' build argument 'catkin_skip_building_tests' from command line to 'False'
[0.144s] DEBUG:colcon.colcon_core.verb:Building package 'unity_slam_example' with the following arguments: {'ament_cmake_args': None, 'build_base': '/home/dinithi/UnityProjects/Robotics-Nav2-SLAM-Example-main/ros2_docker/colcon_ws/build/unity_slam_example', 'catkin_cmake_args': None, 'catkin_skip_building_tests': False, 'cmake_args': None, 'cmake_clean_cache': False, 'cmake_clean_first': False, 'cmake_force_configure': False, 'cmake_target': None, 'cmake_target_skip_unavailable': False, 'install_base': '/home/dinithi/UnityProjects/Robotics-Nav2-SLAM-Example-main/ros2_docker/colcon_ws/install/unity_slam_example', 'merge_install': False, 'path': '/home/dinithi/UnityProjects/Robotics-Nav2-SLAM-Example-main/ros2_docker/colcon_ws/src/unity_slam_example', 'symlink_install': False, 'test_result_base': None}
[0.144s] INFO:colcon.colcon_core.executor:Executing jobs using 'parallel' executor
[0.147s] DEBUG:colcon.colcon_parallel_executor.executor.parallel:run_until_complete
[0.147s] INFO:colcon.colcon_ros.task.ament_python.build:Building ROS package in '/home/dinithi/UnityProjects/Robotics-Nav2-SLAM-Example-main/ros2_docker/colcon_ws/src/ROS-TCP-Endpoint' with build type 'ament_python'
[0.148s] Level 1:colcon.colcon_core.shell:create_environment_hook('ros_tcp_endpoint', 'ament_prefix_path')
[0.150s] INFO:colcon.colcon_core.plugin_system:Skipping extension 'colcon_core.shell.bat': Not used on non-Windows systems
[0.150s] INFO:colcon.colcon_core.shell:Creating environment hook '/home/dinithi/UnityProjects/Robotics-Nav2-SLAM-Example-main/ros2_docker/colcon_ws/install/ros_tcp_endpoint/share/ros_tcp_endpoint/hook/ament_prefix_path.ps1'
[0.151s] INFO:colcon.colcon_core.shell:Creating environment descriptor '/home/dinithi/UnityProjects/Robotics-Nav2-SLAM-Example-main/ros2_docker/colcon_ws/install/ros_tcp_endpoint/share/ros_tcp_endpoint/hook/ament_prefix_path.dsv'
[0.151s] INFO:colcon.colcon_core.shell:Creating environment hook '/home/dinithi/UnityProjects/Robotics-Nav2-SLAM-Example-main/ros2_docker/colcon_ws/install/ros_tcp_endpoint/share/ros_tcp_endpoint/hook/ament_prefix_path.sh'
[0.152s] INFO:colcon.colcon_core.shell:Skip shell extension 'powershell' for command environment: Not usable outside of PowerShell
[0.152s] DEBUG:colcon.colcon_core.shell:Skip shell extension 'dsv' for command environment
[0.156s] INFO:colcon.colcon_ros.task.ament_python.build:Building ROS package in '/home/dinithi/UnityProjects/Robotics-Nav2-SLAM-Example-main/ros2_docker/colcon_ws/src/unity_slam_example' with build type 'ament_python'
[0.157s] Level 1:colcon.colcon_core.shell:create_environment_hook('unity_slam_example', 'ament_prefix_path')
[0.158s] INFO:colcon.colcon_core.shell:Creating environment hook '/home/dinithi/UnityProjects/Robotics-Nav2-SLAM-Example-main/ros2_docker/colcon_ws/install/unity_slam_example/share/unity_slam_example/hook/ament_prefix_path.ps1'
[0.158s] INFO:colcon.colcon_core.shell:Creating environment descriptor '/home/dinithi/UnityProjects/Robotics-Nav2-SLAM-Example-main/ros2_docker/colcon_ws/install/unity_slam_example/share/unity_slam_example/hook/ament_prefix_path.dsv'
[0.158s] INFO:colcon.colcon_core.shell:Creating environment hook '/home/dinithi/UnityProjects/Robotics-Nav2-SLAM-Example-main/ros2_docker/colcon_ws/install/unity_slam_example/share/unity_slam_example/hook/ament_prefix_path.sh'
[0.160s] INFO:colcon.colcon_core.shell:Skip shell extension 'powershell' for command environment: Not usable outside of PowerShell
[0.160s] DEBUG:colcon.colcon_core.shell:Skip shell extension 'dsv' for command environment
[0.305s] INFO:colcon.colcon_core.task.python.build:Building Python package in '/home/dinithi/UnityProjects/Robotics-Nav2-SLAM-Example-main/ros2_docker/colcon_ws/src/ROS-TCP-Endpoint'
[0.306s] INFO:colcon.colcon_core.shell:Skip shell extension 'powershell' for command environment: Not usable outside of PowerShell
[0.306s] DEBUG:colcon.colcon_core.shell:Skip shell extension 'dsv' for command environment
[0.455s] INFO:colcon.colcon_core.task.python.build:Building Python package in '/home/dinithi/UnityProjects/Robotics-Nav2-SLAM-Example-main/ros2_docker/colcon_ws/src/unity_slam_example'
[0.456s] INFO:colcon.colcon_core.shell:Skip shell extension 'powershell' for command environment: Not usable outside of PowerShell
[0.456s] DEBUG:colcon.colcon_core.shell:Skip shell extension 'dsv' for command environment
[0.705s] DEBUG:colcon.colcon_core.event_handler.log_command:Invoking command in '/home/dinithi/UnityProjects/Robotics-Nav2-SLAM-Example-main/ros2_docker/colcon_ws/src/unity_slam_example': PYTHONPATH=/home/dinithi/UnityProjects/Robotics-Nav2-SLAM-Example-main/ros2_docker/colcon_ws/install/unity_slam_example/lib/python3.8/site-packages:${PYTHONPATH} /usr/bin/python3 setup.py egg_info --egg-base ../../build/unity_slam_example build --build-base /home/dinithi/UnityProjects/Robotics-Nav2-SLAM-Example-main/ros2_docker/colcon_ws/build/unity_slam_example/build install --prefix /home/dinithi/UnityProjects/Robotics-Nav2-SLAM-Example-main/ros2_docker/colcon_ws/install/unity_slam_example --record /home/dinithi/UnityProjects/Robotics-Nav2-SLAM-Example-main/ros2_docker/colcon_ws/build/unity_slam_example/install.log --single-version-externally-managed
[0.708s] DEBUG:colcon.colcon_core.event_handler.log_command:Invoking command in '/home/dinithi/UnityProjects/Robotics-Nav2-SLAM-Example-main/ros2_docker/colcon_ws/src/ROS-TCP-Endpoint': PYTHONPATH=/home/dinithi/UnityProjects/Robotics-Nav2-SLAM-Example-main/ros2_docker/colcon_ws/install/ros_tcp_endpoint/lib/python3.8/site-packages:${PYTHONPATH} /usr/bin/python3 setup.py egg_info --egg-base ../../build/ros_tcp_endpoint build --build-base /home/dinithi/UnityProjects/Robotics-Nav2-SLAM-Example-main/ros2_docker/colcon_ws/build/ros_tcp_endpoint/build install --prefix /home/dinithi/UnityProjects/Robotics-Nav2-SLAM-Example-main/ros2_docker/colcon_ws/install/ros_tcp_endpoint --record /home/dinithi/UnityProjects/Robotics-Nav2-SLAM-Example-main/ros2_docker/colcon_ws/build/ros_tcp_endpoint/install.log --single-version-externally-managed
[0.870s] DEBUG:colcon.colcon_core.event_handler.log_command:Invoked command in '/home/dinithi/UnityProjects/Robotics-Nav2-SLAM-Example-main/ros2_docker/colcon_ws/src/unity_slam_example' returned '0': PYTHONPATH=/home/dinithi/UnityProjects/Robotics-Nav2-SLAM-Example-main/ros2_docker/colcon_ws/install/unity_slam_example/lib/python3.8/site-packages:${PYTHONPATH} /usr/bin/python3 setup.py egg_info --egg-base ../../build/unity_slam_example build --build-base /home/dinithi/UnityProjects/Robotics-Nav2-SLAM-Example-main/ros2_docker/colcon_ws/build/unity_slam_example/build install --prefix /home/dinithi/UnityProjects/Robotics-Nav2-SLAM-Example-main/ros2_docker/colcon_ws/install/unity_slam_example --record /home/dinithi/UnityProjects/Robotics-Nav2-SLAM-Example-main/ros2_docker/colcon_ws/build/unity_slam_example/install.log --single-version-externally-managed
[0.875s] Level 1:colcon.colcon_core.environment:checking '/home/dinithi/UnityProjects/Robotics-Nav2-SLAM-Example-main/ros2_docker/colcon_ws/install/unity_slam_example' for CMake module files
[0.875s] Level 1:colcon.colcon_core.environment:checking '/home/dinithi/UnityProjects/Robotics-Nav2-SLAM-Example-main/ros2_docker/colcon_ws/install/unity_slam_example' for CMake config files
[0.876s] Level 1:colcon.colcon_core.environment:checking '/home/dinithi/UnityProjects/Robotics-Nav2-SLAM-Example-main/ros2_docker/colcon_ws/install/unity_slam_example/lib'
[0.877s] Level 1:colcon.colcon_core.environment:checking '/home/dinithi/UnityProjects/Robotics-Nav2-SLAM-Example-main/ros2_docker/colcon_ws/install/unity_slam_example/bin'
[0.877s] Level 1:colcon.colcon_core.environment:checking '/home/dinithi/UnityProjects/Robotics-Nav2-SLAM-Example-main/ros2_docker/colcon_ws/install/unity_slam_example/lib/pkgconfig/unity_slam_example.pc'
[0.877s] Level 1:colcon.colcon_core.environment:checking '/home/dinithi/UnityProjects/Robotics-Nav2-SLAM-Example-main/ros2_docker/colcon_ws/install/unity_slam_example/lib/python3.8/site-packages'
[0.877s] Level 1:colcon.colcon_core.shell:create_environment_hook('unity_slam_example', 'pythonpath')
[0.878s] INFO:colcon.colcon_core.shell:Creating environment hook '/home/dinithi/UnityProjects/Robotics-Nav2-SLAM-Example-main/ros2_docker/colcon_ws/install/unity_slam_example/share/unity_slam_example/hook/pythonpath.ps1'
[0.879s] INFO:colcon.colcon_core.shell:Creating environment descriptor '/home/dinithi/UnityProjects/Robotics-Nav2-SLAM-Example-main/ros2_docker/colcon_ws/install/unity_slam_example/share/unity_slam_example/hook/pythonpath.dsv'
[0.879s] INFO:colcon.colcon_core.shell:Creating environment hook '/home/dinithi/UnityProjects/Robotics-Nav2-SLAM-Example-main/ros2_docker/colcon_ws/install/unity_slam_example/share/unity_slam_example/hook/pythonpath.sh'
[0.879s] Level 1:colcon.colcon_core.environment:checking '/home/dinithi/UnityProjects/Robotics-Nav2-SLAM-Example-main/ros2_docker/colcon_ws/install/unity_slam_example/bin'
[0.880s] Level 1:colcon.colcon_core.environment:create_environment_scripts_only(unity_slam_example)
[0.881s] INFO:colcon.colcon_core.shell:Creating package script '/home/dinithi/UnityProjects/Robotics-Nav2-SLAM-Example-main/ros2_docker/colcon_ws/install/unity_slam_example/share/unity_slam_example/package.ps1'
[0.881s] INFO:colcon.colcon_core.shell:Creating package descriptor '/home/dinithi/UnityProjects/Robotics-Nav2-SLAM-Example-main/ros2_docker/colcon_ws/install/unity_slam_example/share/unity_slam_example/package.dsv'
[0.882s] INFO:colcon.colcon_core.shell:Creating package script '/home/dinithi/UnityProjects/Robotics-Nav2-SLAM-Example-main/ros2_docker/colcon_ws/install/unity_slam_example/share/unity_slam_example/package.sh'
[0.882s] INFO:colcon.colcon_core.shell:Creating package script '/home/dinithi/UnityProjects/Robotics-Nav2-SLAM-Example-main/ros2_docker/colcon_ws/install/unity_slam_example/share/unity_slam_example/package.bash'
[0.883s] INFO:colcon.colcon_core.shell:Creating package script '/home/dinithi/UnityProjects/Robotics-Nav2-SLAM-Example-main/ros2_docker/colcon_ws/install/unity_slam_example/share/unity_slam_example/package.zsh'
[0.883s] Level 1:colcon.colcon_core.environment:create_file_with_runtime_dependencies(/home/dinithi/UnityProjects/Robotics-Nav2-SLAM-Example-main/ros2_docker/colcon_ws/install/unity_slam_example/share/colcon-core/packages/unity_slam_example)
[0.903s] Level 1:colcon.colcon_core.environment:checking '/home/dinithi/UnityProjects/Robotics-Nav2-SLAM-Example-main/ros2_docker/colcon_ws/install/ros_tcp_endpoint' for CMake module files
[0.904s] DEBUG:colcon.colcon_core.event_handler.log_command:Invoked command in '/home/dinithi/UnityProjects/Robotics-Nav2-SLAM-Example-main/ros2_docker/colcon_ws/src/ROS-TCP-Endpoint' returned '0': PYTHONPATH=/home/dinithi/UnityProjects/Robotics-Nav2-SLAM-Example-main/ros2_docker/colcon_ws/install/ros_tcp_endpoint/lib/python3.8/site-packages:${PYTHONPATH} /usr/bin/python3 setup.py egg_info --egg-base ../../build/ros_tcp_endpoint build --build-base /home/dinithi/UnityProjects/Robotics-Nav2-SLAM-Example-main/ros2_docker/colcon_ws/build/ros_tcp_endpoint/build install --prefix /home/dinithi/UnityProjects/Robotics-Nav2-SLAM-Example-main/ros2_docker/colcon_ws/install/ros_tcp_endpoint --record /home/dinithi/UnityProjects/Robotics-Nav2-SLAM-Example-main/ros2_docker/colcon_ws/build/ros_tcp_endpoint/install.log --single-version-externally-managed
[0.904s] Level 1:colcon.colcon_core.environment:checking '/home/dinithi/UnityProjects/Robotics-Nav2-SLAM-Example-main/ros2_docker/colcon_ws/install/ros_tcp_endpoint' for CMake config files
[0.904s] Level 1:colcon.colcon_core.environment:checking '/home/dinithi/UnityProjects/Robotics-Nav2-SLAM-Example-main/ros2_docker/colcon_ws/install/ros_tcp_endpoint/lib'
[0.904s] Level 1:colcon.colcon_core.environment:checking '/home/dinithi/UnityProjects/Robotics-Nav2-SLAM-Example-main/ros2_docker/colcon_ws/install/ros_tcp_endpoint/bin'
[0.904s] Level 1:colcon.colcon_core.environment:checking '/home/dinithi/UnityProjects/Robotics-Nav2-SLAM-Example-main/ros2_docker/colcon_ws/install/ros_tcp_endpoint/lib/pkgconfig/ros_tcp_endpoint.pc'
[0.904s] Level 1:colcon.colcon_core.environment:checking '/home/dinithi/UnityProjects/Robotics-Nav2-SLAM-Example-main/ros2_docker/colcon_ws/install/ros_tcp_endpoint/lib/python3.8/site-packages'
[0.904s] Level 1:colcon.colcon_core.shell:create_environment_hook('ros_tcp_endpoint', 'pythonpath')
[0.905s] INFO:colcon.colcon_core.shell:Creating environment hook '/home/dinithi/UnityProjects/Robotics-Nav2-SLAM-Example-main/ros2_docker/colcon_ws/install/ros_tcp_endpoint/share/ros_tcp_endpoint/hook/pythonpath.ps1'
[0.906s] INFO:colcon.colcon_core.shell:Creating environment descriptor '/home/dinithi/UnityProjects/Robotics-Nav2-SLAM-Example-main/ros2_docker/colcon_ws/install/ros_tcp_endpoint/share/ros_tcp_endpoint/hook/pythonpath.dsv'
[0.906s] INFO:colcon.colcon_core.shell:Creating environment hook '/home/dinithi/UnityProjects/Robotics-Nav2-SLAM-Example-main/ros2_docker/colcon_ws/install/ros_tcp_endpoint/share/ros_tcp_endpoint/hook/pythonpath.sh'
[0.906s] Level 1:colcon.colcon_core.environment:checking '/home/dinithi/UnityProjects/Robotics-Nav2-SLAM-Example-main/ros2_docker/colcon_ws/install/ros_tcp_endpoint/bin'
[0.906s] Level 1:colcon.colcon_core.environment:create_environment_scripts_only(ros_tcp_endpoint)
[0.907s] INFO:colcon.colcon_core.shell:Creating package script '/home/dinithi/UnityProjects/Robotics-Nav2-SLAM-Example-main/ros2_docker/colcon_ws/install/ros_tcp_endpoint/share/ros_tcp_endpoint/package.ps1'
[0.908s] INFO:colcon.colcon_core.shell:Creating package descriptor '/home/dinithi/UnityProjects/Robotics-Nav2-SLAM-Example-main/ros2_docker/colcon_ws/install/ros_tcp_endpoint/share/ros_tcp_endpoint/package.dsv'
[0.908s] INFO:colcon.colcon_core.shell:Creating package script '/home/dinithi/UnityProjects/Robotics-Nav2-SLAM-Example-main/ros2_docker/colcon_ws/install/ros_tcp_endpoint/share/ros_tcp_endpoint/package.sh'
[0.908s] INFO:colcon.colcon_core.shell:Creating package script '/home/dinithi/UnityProjects/Robotics-Nav2-SLAM-Example-main/ros2_docker/colcon_ws/install/ros_tcp_endpoint/share/ros_tcp_endpoint/package.bash'
[0.908s] INFO:colcon.colcon_core.shell:Creating package script '/home/dinithi/UnityProjects/Robotics-Nav2-SLAM-Example-main/ros2_docker/colcon_ws/install/ros_tcp_endpoint/share/ros_tcp_endpoint/package.zsh'
[0.908s] Level 1:colcon.colcon_core.environment:create_file_with_runtime_dependencies(/home/dinithi/UnityProjects/Robotics-Nav2-SLAM-Example-main/ros2_docker/colcon_ws/install/ros_tcp_endpoint/share/colcon-core/packages/ros_tcp_endpoint)
[0.909s] DEBUG:colcon.colcon_parallel_executor.executor.parallel:closing loop
[0.909s] DEBUG:colcon.colcon_parallel_executor.executor.parallel:loop closed
[0.909s] DEBUG:colcon.colcon_parallel_executor.executor.parallel:run_until_complete finished with '0'
[0.909s] DEBUG:colcon.colcon_core.event_reactor:joining thread
[0.913s] INFO:colcon.colcon_core.plugin_system:Skipping extension 'colcon_notification.desktop_notification.terminal_notifier': Not used on non-Darwin systems
[0.913s] INFO:colcon.colcon_core.plugin_system:Skipping extension 'colcon_notification.desktop_notification.win32': Not used on non-Windows systems
[0.913s] INFO:colcon.colcon_notification.desktop_notification:Sending desktop notification using 'notify2'
[0.926s] DEBUG:colcon.colcon_core.event_reactor:joined thread
[0.927s] INFO:colcon.colcon_core.shell:Creating prefix script '/home/dinithi/UnityProjects/Robotics-Nav2-SLAM-Example-main/ros2_docker/colcon_ws/install/local_setup.ps1'
[0.927s] INFO:colcon.colcon_core.shell:Creating prefix util module '/home/dinithi/UnityProjects/Robotics-Nav2-SLAM-Example-main/ros2_docker/colcon_ws/install/_local_setup_util_ps1.py'
[0.928s] INFO:colcon.colcon_core.shell:Creating prefix chain script '/home/dinithi/UnityProjects/Robotics-Nav2-SLAM-Example-main/ros2_docker/colcon_ws/install/setup.ps1'
[0.929s] INFO:colcon.colcon_core.shell:Creating prefix script '/home/dinithi/UnityProjects/Robotics-Nav2-SLAM-Example-main/ros2_docker/colcon_ws/install/local_setup.sh'
[0.929s] INFO:colcon.colcon_core.shell:Creating prefix util module '/home/dinithi/UnityProjects/Robotics-Nav2-SLAM-Example-main/ros2_docker/colcon_ws/install/_local_setup_util_sh.py'
[0.929s] INFO:colcon.colcon_core.shell:Creating prefix chain script '/home/dinithi/UnityProjects/Robotics-Nav2-SLAM-Example-main/ros2_docker/colcon_ws/install/setup.sh'
[0.930s] INFO:colcon.colcon_core.shell:Creating prefix script '/home/dinithi/UnityProjects/Robotics-Nav2-SLAM-Example-main/ros2_docker/colcon_ws/install/local_setup.bash'
[0.930s] INFO:colcon.colcon_core.shell:Creating prefix chain script '/home/dinithi/UnityProjects/Robotics-Nav2-SLAM-Example-main/ros2_docker/colcon_ws/install/setup.bash'
[0.931s] INFO:colcon.colcon_core.shell:Creating prefix script '/home/dinithi/UnityProjects/Robotics-Nav2-SLAM-Example-main/ros2_docker/colcon_ws/install/local_setup.zsh'
[0.931s] INFO:colcon.colcon_core.shell:Creating prefix chain script '/home/dinithi/UnityProjects/Robotics-Nav2-SLAM-Example-main/ros2_docker/colcon_ws/install/setup.zsh'
